{"C:\\Users\\upender.mohan.lal\\Downloads\\star-wars-react-redux-demo\\star-wars-react-redux-demo\\src\\index.js": {"path":"C:\\Users\\upender.mohan.lal\\Downloads\\star-wars-react-redux-demo\\star-wars-react-redux-demo\\src\\index.js","statementMap":{"0":{"start":{"line":1,"column":58},"end":{"line":1,"column":170}},"1":{"start":{"line":8,"column":12},"end":{"line":10,"column":238}},"2":{"start":{"line":9,"column":26},"end":{"line":10,"column":238}}},"fnMap":{"0":{"name":"(anonymous_0)","decl":{"start":{"line":8,"column":12},"end":{"line":8,"column":13}},"loc":{"start":{"line":9,"column":26},"end":{"line":10,"column":238}},"line":9}},"branchMap":{},"s":{"0":0,"1":0,"2":0},"f":{"0":0},"b":{}}
,"C:\\Users\\upender.mohan.lal\\Downloads\\star-wars-react-redux-demo\\star-wars-react-redux-demo\\src\\actions\\loginActions.js": {"path":"C:\\Users\\upender.mohan.lal\\Downloads\\star-wars-react-redux-demo\\star-wars-react-redux-demo\\src\\actions\\loginActions.js","statementMap":{"0":{"start":{"line":1,"column":39},"end":{"line":1,"column":101}},"1":{"start":{"line":1,"column":101},"end":{"line":3,"column":32}},"2":{"start":{"line":4,"column":2},"end":{"line":4,"column":51}},"3":{"start":{"line":5,"column":2},"end":{"line":29,"column":4}},"4":{"start":{"line":6,"column":4},"end":{"line":6,"column":32}}},"fnMap":{"0":{"name":"loginCharacter","decl":{"start":{"line":3,"column":115},"end":{"line":3,"column":129}},"loc":{"start":{"line":3,"column":150},"end":{"line":30,"column":1}},"line":3},"1":{"name":"(anonymous_1)","decl":{"start":{"line":5,"column":9},"end":{"line":5,"column":10}},"loc":{"start":{"line":5,"column":29},"end":{"line":29,"column":3}},"line":5}},"branchMap":{},"s":{"0":0,"1":0,"2":0,"3":0,"4":0},"f":{"0":0,"1":0},"b":{}}
,"C:\\Users\\upender.mohan.lal\\Downloads\\star-wars-react-redux-demo\\star-wars-react-redux-demo\\src\\actions\\planetDetailsActions.js": {"path":"C:\\Users\\upender.mohan.lal\\Downloads\\star-wars-react-redux-demo\\star-wars-react-redux-demo\\src\\actions\\planetDetailsActions.js","statementMap":{"0":{"start":{"line":1,"column":39},"end":{"line":1,"column":101}},"1":{"start":{"line":1,"column":101},"end":{"line":1,"column":167}},"2":{"start":{"line":3,"column":51},"end":{"line":11,"column":1}},"3":{"start":{"line":4,"column":2},"end":{"line":10,"column":4}},"4":{"start":{"line":5,"column":4},"end":{"line":5,"column":46}},"5":{"start":{"line":13,"column":53},"end":{"line":17,"column":1}},"6":{"start":{"line":14,"column":2},"end":{"line":16,"column":4}},"7":{"start":{"line":15,"column":4},"end":{"line":15,"column":40}}},"fnMap":{"0":{"name":"(anonymous_0)","decl":{"start":{"line":3,"column":78},"end":{"line":3,"column":79}},"loc":{"start":{"line":3,"column":84},"end":{"line":11,"column":1}},"line":3},"1":{"name":"(anonymous_1)","decl":{"start":{"line":4,"column":9},"end":{"line":4,"column":10}},"loc":{"start":{"line":4,"column":21},"end":{"line":10,"column":3}},"line":4},"2":{"name":"(anonymous_2)","decl":{"start":{"line":13,"column":82},"end":{"line":13,"column":83}},"loc":{"start":{"line":13,"column":88},"end":{"line":17,"column":1}},"line":13},"3":{"name":"(anonymous_3)","decl":{"start":{"line":14,"column":9},"end":{"line":14,"column":10}},"loc":{"start":{"line":14,"column":21},"end":{"line":16,"column":3}},"line":14}},"branchMap":{},"s":{"0":0,"1":0,"2":0,"3":0,"4":0,"5":0,"6":0,"7":0},"f":{"0":0,"1":0,"2":0,"3":0},"b":{}}
,"C:\\Users\\upender.mohan.lal\\Downloads\\star-wars-react-redux-demo\\star-wars-react-redux-demo\\src\\actions\\searchActions.js": {"path":"C:\\Users\\upender.mohan.lal\\Downloads\\star-wars-react-redux-demo\\star-wars-react-redux-demo\\src\\actions\\searchActions.js","statementMap":{"0":{"start":{"line":1,"column":39},"end":{"line":1,"column":101}},"1":{"start":{"line":1,"column":101},"end":{"line":1,"column":135}},"2":{"start":{"line":3,"column":23},"end":{"line":7,"column":2}},"3":{"start":{"line":4,"column":0},"end":{"line":7,"column":2}},"4":{"start":{"line":5,"column":2},"end":{"line":5,"column":40}},"5":{"start":{"line":6,"column":2},"end":{"line":6,"column":15}},"6":{"start":{"line":9,"column":48},"end":{"line":21,"column":1}},"7":{"start":{"line":10,"column":2},"end":{"line":20,"column":4}},"8":{"start":{"line":11,"column":4},"end":{"line":13,"column":5}},"9":{"start":{"line":12,"column":6},"end":{"line":12,"column":63}},"10":{"start":{"line":15,"column":4},"end":{"line":15,"column":41}}},"fnMap":{"0":{"name":"(anonymous_0)","decl":{"start":{"line":3,"column":23},"end":{"line":3,"column":24}},"loc":{"start":{"line":4,"column":0},"end":{"line":7,"column":2}},"line":4},"1":{"name":"(anonymous_1)","decl":{"start":{"line":4,"column":12},"end":{"line":4,"column":13}},"loc":{"start":{"line":4,"column":21},"end":{"line":7,"column":1}},"line":4},"2":{"name":"(anonymous_2)","decl":{"start":{"line":9,"column":72},"end":{"line":9,"column":73}},"loc":{"start":{"line":9,"column":80},"end":{"line":21,"column":1}},"line":9},"3":{"name":"(anonymous_3)","decl":{"start":{"line":10,"column":9},"end":{"line":10,"column":10}},"loc":{"start":{"line":10,"column":21},"end":{"line":20,"column":3}},"line":10}},"branchMap":{"0":{"loc":{"start":{"line":11,"column":4},"end":{"line":13,"column":5}},"type":"if","locations":[{"start":{"line":11,"column":4},"end":{"line":13,"column":5}},{"start":{"line":11,"column":4},"end":{"line":13,"column":5}}],"line":11}},"s":{"0":0,"1":0,"2":0,"3":0,"4":0,"5":0,"6":0,"7":0,"8":0,"9":0,"10":0},"f":{"0":0,"1":0,"2":0,"3":0},"b":{"0":[0,0]}}
,"C:\\Users\\upender.mohan.lal\\Downloads\\star-wars-react-redux-demo\\star-wars-react-redux-demo\\src\\components\\Login\\index.js": {"path":"C:\\Users\\upender.mohan.lal\\Downloads\\star-wars-react-redux-demo\\star-wars-react-redux-demo\\src\\components\\Login\\index.js","statementMap":{"0":{"start":{"line":1,"column":39},"end":{"line":1,"column":101}},"1":{"start":{"line":1,"column":120},"end":{"line":1,"column":251}},"2":{"start":{"line":7,"column":4},"end":{"line":7,"column":26}},"3":{"start":{"line":11,"column":4},"end":{"line":28,"column":153}},"4":{"start":{"line":14,"column":24},"end":{"line":14,"column":45}}},"fnMap":{"0":{"name":"(anonymous_0)","decl":{"start":{"line":6,"column":2},"end":{"line":6,"column":3}},"loc":{"start":{"line":6,"column":22},"end":{"line":8,"column":3}},"line":6},"1":{"name":"(anonymous_1)","decl":{"start":{"line":10,"column":2},"end":{"line":10,"column":3}},"loc":{"start":{"line":10,"column":11},"end":{"line":33,"column":3}},"line":10},"2":{"name":"(anonymous_2)","decl":{"start":{"line":14,"column":15},"end":{"line":14,"column":16}},"loc":{"start":{"line":14,"column":24},"end":{"line":14,"column":45}},"line":14}},"branchMap":{},"s":{"0":0,"1":0,"2":0,"3":0,"4":0},"f":{"0":0,"1":0,"2":0},"b":{}}
,"C:\\Users\\upender.mohan.lal\\Downloads\\star-wars-react-redux-demo\\star-wars-react-redux-demo\\src\\components\\Overlay\\OverlayBottomTop.js": {"path":"C:\\Users\\upender.mohan.lal\\Downloads\\star-wars-react-redux-demo\\star-wars-react-redux-demo\\src\\components\\Overlay\\OverlayBottomTop.js","statementMap":{"0":{"start":{"line":6,"column":18},"end":{"line":6,"column":59}},"1":{"start":{"line":6,"column":30},"end":{"line":6,"column":59}},"2":{"start":{"line":7,"column":18},"end":{"line":7,"column":59}},"3":{"start":{"line":7,"column":30},"end":{"line":7,"column":59}},"4":{"start":{"line":12,"column":4},"end":{"line":12,"column":17}},"5":{"start":{"line":13,"column":4},"end":{"line":13,"column":38}},"6":{"start":{"line":17,"column":4},"end":{"line":19,"column":5}},"7":{"start":{"line":18,"column":6},"end":{"line":18,"column":30}},"8":{"start":{"line":21,"column":4},"end":{"line":23,"column":5}},"9":{"start":{"line":22,"column":6},"end":{"line":22,"column":31}},"10":{"start":{"line":27,"column":4},"end":{"line":29,"column":5}},"11":{"start":{"line":28,"column":6},"end":{"line":28,"column":29}},"12":{"start":{"line":31,"column":4},"end":{"line":33,"column":5}},"13":{"start":{"line":32,"column":6},"end":{"line":32,"column":30}},"14":{"start":{"line":37,"column":4},"end":{"line":37,"column":25}},"15":{"start":{"line":38,"column":4},"end":{"line":38,"column":39}},"16":{"start":{"line":39,"column":4},"end":{"line":39,"column":42}},"17":{"start":{"line":43,"column":4},"end":{"line":43,"column":25}},"18":{"start":{"line":44,"column":4},"end":{"line":44,"column":40}},"19":{"start":{"line":45,"column":4},"end":{"line":45,"column":41}},"20":{"start":{"line":50,"column":4},"end":{"line":55,"column":8}},"21":{"start":{"line":53,"column":28},"end":{"line":53,"column":39}},"22":{"start":{"line":54,"column":19},"end":{"line":54,"column":45}},"23":{"start":{"line":59,"column":0},"end":{"line":59,"column":50}},"24":{"start":{"line":61,"column":0},"end":{"line":69,"column":2}},"25":{"start":{"line":71,"column":0},"end":{"line":75,"column":2}}},"fnMap":{"0":{"name":"(anonymous_0)","decl":{"start":{"line":6,"column":18},"end":{"line":6,"column":19}},"loc":{"start":{"line":6,"column":30},"end":{"line":6,"column":59}},"line":6},"1":{"name":"(anonymous_1)","decl":{"start":{"line":7,"column":18},"end":{"line":7,"column":19}},"loc":{"start":{"line":7,"column":30},"end":{"line":7,"column":59}},"line":7},"2":{"name":"(anonymous_2)","decl":{"start":{"line":11,"column":2},"end":{"line":11,"column":3}},"loc":{"start":{"line":11,"column":21},"end":{"line":14,"column":3}},"line":11},"3":{"name":"(anonymous_3)","decl":{"start":{"line":16,"column":2},"end":{"line":16,"column":3}},"loc":{"start":{"line":16,"column":44},"end":{"line":24,"column":3}},"line":16},"4":{"name":"(anonymous_4)","decl":{"start":{"line":26,"column":2},"end":{"line":26,"column":3}},"loc":{"start":{"line":26,"column":43},"end":{"line":34,"column":3}},"line":26},"5":{"name":"(anonymous_5)","decl":{"start":{"line":36,"column":2},"end":{"line":36,"column":3}},"loc":{"start":{"line":36,"column":9},"end":{"line":40,"column":5}},"line":36},"6":{"name":"(anonymous_6)","decl":{"start":{"line":42,"column":2},"end":{"line":42,"column":3}},"loc":{"start":{"line":42,"column":9},"end":{"line":46,"column":3}},"line":42},"7":{"name":"(anonymous_7)","decl":{"start":{"line":49,"column":2},"end":{"line":49,"column":3}},"loc":{"start":{"line":49,"column":11},"end":{"line":56,"column":3}},"line":49},"8":{"name":"(anonymous_8)","decl":{"start":{"line":53,"column":22},"end":{"line":53,"column":23}},"loc":{"start":{"line":53,"column":28},"end":{"line":53,"column":39}},"line":53},"9":{"name":"(anonymous_9)","decl":{"start":{"line":54,"column":11},"end":{"line":54,"column":12}},"loc":{"start":{"line":54,"column":19},"end":{"line":54,"column":45}},"line":54},"10":{"name":"(anonymous_10)","decl":{"start":{"line":74,"column":22},"end":{"line":74,"column":23}},"loc":{"start":{"line":74,"column":26},"end":{"line":74,"column":28}},"line":74}},"branchMap":{"0":{"loc":{"start":{"line":6,"column":30},"end":{"line":6,"column":59}},"type":"binary-expr","locations":[{"start":{"line":6,"column":30},"end":{"line":6,"column":43}},{"start":{"line":6,"column":47},"end":{"line":6,"column":59}}],"line":6},"1":{"loc":{"start":{"line":7,"column":30},"end":{"line":7,"column":59}},"type":"binary-expr","locations":[{"start":{"line":7,"column":30},"end":{"line":7,"column":42}},{"start":{"line":7,"column":46},"end":{"line":7,"column":59}}],"line":7},"2":{"loc":{"start":{"line":17,"column":4},"end":{"line":19,"column":5}},"type":"if","locations":[{"start":{"line":17,"column":4},"end":{"line":19,"column":5}},{"start":{"line":17,"column":4},"end":{"line":19,"column":5}}],"line":17},"3":{"loc":{"start":{"line":17,"column":8},"end":{"line":17,"column":65}},"type":"binary-expr","locations":[{"start":{"line":17,"column":8},"end":{"line":17,"column":40}},{"start":{"line":17,"column":44},"end":{"line":17,"column":65}}],"line":17},"4":{"loc":{"start":{"line":21,"column":4},"end":{"line":23,"column":5}},"type":"if","locations":[{"start":{"line":21,"column":4},"end":{"line":23,"column":5}},{"start":{"line":21,"column":4},"end":{"line":23,"column":5}}],"line":21},"5":{"loc":{"start":{"line":21,"column":8},"end":{"line":21,"column":66}},"type":"binary-expr","locations":[{"start":{"line":21,"column":8},"end":{"line":21,"column":40}},{"start":{"line":21,"column":44},"end":{"line":21,"column":66}}],"line":21},"6":{"loc":{"start":{"line":27,"column":4},"end":{"line":29,"column":5}},"type":"if","locations":[{"start":{"line":27,"column":4},"end":{"line":29,"column":5}},{"start":{"line":27,"column":4},"end":{"line":29,"column":5}}],"line":27},"7":{"loc":{"start":{"line":27,"column":8},"end":{"line":27,"column":64}},"type":"binary-expr","locations":[{"start":{"line":27,"column":8},"end":{"line":27,"column":40}},{"start":{"line":27,"column":44},"end":{"line":27,"column":64}}],"line":27},"8":{"loc":{"start":{"line":31,"column":4},"end":{"line":33,"column":5}},"type":"if","locations":[{"start":{"line":31,"column":4},"end":{"line":33,"column":5}},{"start":{"line":31,"column":4},"end":{"line":33,"column":5}}],"line":31},"9":{"loc":{"start":{"line":31,"column":8},"end":{"line":31,"column":65}},"type":"binary-expr","locations":[{"start":{"line":31,"column":8},"end":{"line":31,"column":40}},{"start":{"line":31,"column":44},"end":{"line":31,"column":65}}],"line":31}},"s":{"0":1,"1":0,"2":1,"3":0,"4":0,"5":0,"6":0,"7":0,"8":0,"9":0,"10":0,"11":0,"12":0,"13":0,"14":0,"15":0,"16":0,"17":0,"18":0,"19":0,"20":0,"21":0,"22":0,"23":1,"24":1,"25":1},"f":{"0":0,"1":0,"2":0,"3":0,"4":0,"5":0,"6":0,"7":0,"8":0,"9":0,"10":0},"b":{"0":[0,0],"1":[0,0],"2":[0,0],"3":[0,0],"4":[0,0],"5":[0,0],"6":[0,0],"7":[0,0],"8":[0,0],"9":[0,0]},"_coverageSchema":"332fd63041d2c1bcb487cc26dd0d5f7d97098a6c","hash":"10221e70ab82366c2ad49faeed3934df48956783"}
,"C:\\Users\\upender.mohan.lal\\Downloads\\star-wars-react-redux-demo\\star-wars-react-redux-demo\\src\\components\\Overlay\\OverlayBottomTopStateless.js": {"path":"C:\\Users\\upender.mohan.lal\\Downloads\\star-wars-react-redux-demo\\star-wars-react-redux-demo\\src\\components\\Overlay\\OverlayBottomTopStateless.js","statementMap":{"0":{"start":{"line":8,"column":4},"end":{"line":8,"column":23}},"1":{"start":{"line":9,"column":4},"end":{"line":11,"column":5}},"2":{"start":{"line":10,"column":6},"end":{"line":10,"column":34}},"3":{"start":{"line":15,"column":26},"end":{"line":15,"column":36}},"4":{"start":{"line":17,"column":4},"end":{"line":41,"column":6}},"5":{"start":{"line":31,"column":29},"end":{"line":31,"column":49}},"6":{"start":{"line":45,"column":0},"end":{"line":45,"column":68}},"7":{"start":{"line":47,"column":0},"end":{"line":60,"column":2}},"8":{"start":{"line":62,"column":0},"end":{"line":65,"column":2}},"9":{"start":{"line":67,"column":0},"end":{"line":73,"column":2}}},"fnMap":{"0":{"name":"(anonymous_0)","decl":{"start":{"line":7,"column":19},"end":{"line":7,"column":20}},"loc":{"start":{"line":7,"column":26},"end":{"line":12,"column":3}},"line":7},"1":{"name":"(anonymous_1)","decl":{"start":{"line":14,"column":2},"end":{"line":14,"column":3}},"loc":{"start":{"line":14,"column":11},"end":{"line":42,"column":3}},"line":14},"2":{"name":"(anonymous_2)","decl":{"start":{"line":31,"column":21},"end":{"line":31,"column":22}},"loc":{"start":{"line":31,"column":29},"end":{"line":31,"column":49}},"line":31}},"branchMap":{"0":{"loc":{"start":{"line":9,"column":4},"end":{"line":11,"column":5}},"type":"if","locations":[{"start":{"line":9,"column":4},"end":{"line":11,"column":5}},{"start":{"line":9,"column":4},"end":{"line":11,"column":5}}],"line":9},"1":{"loc":{"start":{"line":22,"column":19},"end":{"line":22,"column":54}},"type":"cond-expr","locations":[{"start":{"line":22,"column":31},"end":{"line":22,"column":33}},{"start":{"line":22,"column":34},"end":{"line":22,"column":54}}],"line":22},"2":{"loc":{"start":{"line":26,"column":26},"end":{"line":26,"column":56}},"type":"cond-expr","locations":[{"start":{"line":26,"column":38},"end":{"line":26,"column":53}},{"start":{"line":26,"column":54},"end":{"line":26,"column":56}}],"line":26}},"s":{"0":0,"1":0,"2":0,"3":0,"4":0,"5":0,"6":1,"7":1,"8":1,"9":1},"f":{"0":0,"1":0,"2":0},"b":{"0":[0,0],"1":[0,0],"2":[0,0]},"_coverageSchema":"332fd63041d2c1bcb487cc26dd0d5f7d97098a6c","hash":"fa6e32fcea4ef5bec2757935b8eca771d612e7d7"}
,"C:\\Users\\upender.mohan.lal\\Downloads\\star-wars-react-redux-demo\\star-wars-react-redux-demo\\src\\components\\PlanetDetails\\index.js": {"path":"C:\\Users\\upender.mohan.lal\\Downloads\\star-wars-react-redux-demo\\star-wars-react-redux-demo\\src\\components\\PlanetDetails\\index.js","statementMap":{"0":{"start":{"line":1,"column":39},"end":{"line":1,"column":101}},"1":{"start":{"line":1,"column":120},"end":{"line":1,"column":259}},"2":{"start":{"line":2,"column":170},"end":{"line":18,"column":304}},"3":{"start":{"line":5,"column":26},"end":{"line":18,"column":303}}},"fnMap":{"0":{"name":"(anonymous_0)","decl":{"start":{"line":4,"column":0},"end":{"line":4,"column":1}},"loc":{"start":{"line":5,"column":26},"end":{"line":18,"column":303}},"line":5}},"branchMap":{},"s":{"0":0,"1":0,"2":0,"3":0},"f":{"0":0},"b":{}}
,"C:\\Users\\upender.mohan.lal\\Downloads\\star-wars-react-redux-demo\\star-wars-react-redux-demo\\src\\components\\Search\\index.js": {"path":"C:\\Users\\upender.mohan.lal\\Downloads\\star-wars-react-redux-demo\\star-wars-react-redux-demo\\src\\components\\Search\\index.js","statementMap":{"0":{"start":{"line":1,"column":39},"end":{"line":1,"column":101}},"1":{"start":{"line":1,"column":120},"end":{"line":1,"column":252}},"2":{"start":{"line":4,"column":211},"end":{"line":4,"column":265}},"3":{"start":{"line":4,"column":266},"end":{"line":21,"column":98}},"4":{"start":{"line":13,"column":26},"end":{"line":21,"column":97}}},"fnMap":{"0":{"name":"_interopRequireDefault","decl":{"start":{"line":4,"column":182},"end":{"line":4,"column":204}},"loc":{"start":{"line":4,"column":210},"end":{"line":4,"column":266}},"line":4},"1":{"name":"(anonymous_1)","decl":{"start":{"line":6,"column":0},"end":{"line":6,"column":1}},"loc":{"start":{"line":13,"column":26},"end":{"line":21,"column":97}},"line":13}},"branchMap":{"0":{"loc":{"start":{"line":4,"column":218},"end":{"line":4,"column":264}},"type":"cond-expr","locations":[{"start":{"line":4,"column":242},"end":{"line":4,"column":245}},{"start":{"line":4,"column":248},"end":{"line":4,"column":264}}],"line":4},"1":{"loc":{"start":{"line":4,"column":218},"end":{"line":4,"column":239}},"type":"binary-expr","locations":[{"start":{"line":4,"column":218},"end":{"line":4,"column":221}},{"start":{"line":4,"column":225},"end":{"line":4,"column":239}}],"line":4}},"s":{"0":0,"1":0,"2":0,"3":0,"4":0},"f":{"0":0,"1":0},"b":{"0":[0,0],"1":[0,0]}}
,"C:\\Users\\upender.mohan.lal\\Downloads\\star-wars-react-redux-demo\\star-wars-react-redux-demo\\src\\components\\Search\\components\\SearchInput\\index.js": {"path":"C:\\Users\\upender.mohan.lal\\Downloads\\star-wars-react-redux-demo\\star-wars-react-redux-demo\\src\\components\\Search\\components\\SearchInput\\index.js","statementMap":{"0":{"start":{"line":1,"column":39},"end":{"line":1,"column":101}},"1":{"start":{"line":1,"column":120},"end":{"line":1,"column":277}},"2":{"start":{"line":12,"column":35},"end":{"line":12,"column":60}},"3":{"start":{"line":15,"column":4},"end":{"line":21,"column":123}},"4":{"start":{"line":18,"column":24},"end":{"line":18,"column":48}}},"fnMap":{"0":{"name":"(anonymous_0)","decl":{"start":{"line":12,"column":14},"end":{"line":12,"column":15}},"loc":{"start":{"line":12,"column":34},"end":{"line":12,"column":61}},"line":12},"1":{"name":"(anonymous_1)","decl":{"start":{"line":14,"column":2},"end":{"line":14,"column":3}},"loc":{"start":{"line":14,"column":11},"end":{"line":25,"column":3}},"line":14},"2":{"name":"(anonymous_2)","decl":{"start":{"line":18,"column":15},"end":{"line":18,"column":16}},"loc":{"start":{"line":18,"column":24},"end":{"line":18,"column":48}},"line":18}},"branchMap":{},"s":{"0":0,"1":0,"2":0,"3":0,"4":0},"f":{"0":0,"1":0,"2":0},"b":{}}
,"C:\\Users\\upender.mohan.lal\\Downloads\\star-wars-react-redux-demo\\star-wars-react-redux-demo\\src\\components\\Search\\components\\SearchResults\\index.js": {"path":"C:\\Users\\upender.mohan.lal\\Downloads\\star-wars-react-redux-demo\\star-wars-react-redux-demo\\src\\components\\Search\\components\\SearchResults\\index.js","statementMap":{"0":{"start":{"line":1,"column":39},"end":{"line":1,"column":101}},"1":{"start":{"line":1,"column":120},"end":{"line":1,"column":279}},"2":{"start":{"line":3,"column":210},"end":{"line":49,"column":49}},"3":{"start":{"line":7,"column":26},"end":{"line":49,"column":48}},"4":{"start":{"line":12,"column":19},"end":{"line":12,"column":25}},"5":{"start":{"line":13,"column":21},"end":{"line":13,"column":26}},"6":{"start":{"line":14,"column":8},"end":{"line":16,"column":9}},"7":{"start":{"line":15,"column":10},"end":{"line":15,"column":24}},"8":{"start":{"line":17,"column":8},"end":{"line":20,"column":9}},"9":{"start":{"line":18,"column":10},"end":{"line":18,"column":24}},"10":{"start":{"line":19,"column":10},"end":{"line":19,"column":26}},"11":{"start":{"line":21,"column":8},"end":{"line":24,"column":9}},"12":{"start":{"line":22,"column":10},"end":{"line":22,"column":24}},"13":{"start":{"line":23,"column":10},"end":{"line":23,"column":26}},"14":{"start":{"line":25,"column":8},"end":{"line":28,"column":9}},"15":{"start":{"line":26,"column":10},"end":{"line":26,"column":24}},"16":{"start":{"line":27,"column":10},"end":{"line":27,"column":26}},"17":{"start":{"line":29,"column":8},"end":{"line":32,"column":9}},"18":{"start":{"line":30,"column":10},"end":{"line":30,"column":24}},"19":{"start":{"line":31,"column":10},"end":{"line":31,"column":26}},"20":{"start":{"line":33,"column":8},"end":{"line":36,"column":9}},"21":{"start":{"line":34,"column":10},"end":{"line":34,"column":24}},"22":{"start":{"line":35,"column":10},"end":{"line":35,"column":26}},"23":{"start":{"line":37,"column":20},"end":{"line":39,"column":35}},"24":{"start":{"line":41,"column":8},"end":{"line":46,"column":26}},"25":{"start":{"line":45,"column":31},"end":{"line":45,"column":46}}},"fnMap":{"0":{"name":"(anonymous_0)","decl":{"start":{"line":5,"column":0},"end":{"line":5,"column":1}},"loc":{"start":{"line":7,"column":26},"end":{"line":49,"column":48}},"line":7},"1":{"name":"(anonymous_1)","decl":{"start":{"line":11,"column":18},"end":{"line":11,"column":19}},"loc":{"start":{"line":11,"column":25},"end":{"line":49,"column":7}},"line":11},"2":{"name":"(anonymous_2)","decl":{"start":{"line":45,"column":25},"end":{"line":45,"column":26}},"loc":{"start":{"line":45,"column":31},"end":{"line":45,"column":46}},"line":45}},"branchMap":{"0":{"loc":{"start":{"line":14,"column":8},"end":{"line":16,"column":9}},"type":"if","locations":[{"start":{"line":14,"column":8},"end":{"line":16,"column":9}},{"start":{"line":14,"column":8},"end":{"line":16,"column":9}}],"line":14},"1":{"loc":{"start":{"line":17,"column":8},"end":{"line":20,"column":9}},"type":"if","locations":[{"start":{"line":17,"column":8},"end":{"line":20,"column":9}},{"start":{"line":17,"column":8},"end":{"line":20,"column":9}}],"line":17},"2":{"loc":{"start":{"line":21,"column":8},"end":{"line":24,"column":9}},"type":"if","locations":[{"start":{"line":21,"column":8},"end":{"line":24,"column":9}},{"start":{"line":21,"column":8},"end":{"line":24,"column":9}}],"line":21},"3":{"loc":{"start":{"line":25,"column":8},"end":{"line":28,"column":9}},"type":"if","locations":[{"start":{"line":25,"column":8},"end":{"line":28,"column":9}},{"start":{"line":25,"column":8},"end":{"line":28,"column":9}}],"line":25},"4":{"loc":{"start":{"line":29,"column":8},"end":{"line":32,"column":9}},"type":"if","locations":[{"start":{"line":29,"column":8},"end":{"line":32,"column":9}},{"start":{"line":29,"column":8},"end":{"line":32,"column":9}}],"line":29},"5":{"loc":{"start":{"line":33,"column":8},"end":{"line":36,"column":9}},"type":"if","locations":[{"start":{"line":33,"column":8},"end":{"line":36,"column":9}},{"start":{"line":33,"column":8},"end":{"line":36,"column":9}}],"line":33}},"s":{"0":0,"1":0,"2":0,"3":0,"4":0,"5":0,"6":0,"7":0,"8":0,"9":0,"10":0,"11":0,"12":0,"13":0,"14":0,"15":0,"16":0,"17":0,"18":0,"19":0,"20":0,"21":0,"22":0,"23":0,"24":0,"25":0},"f":{"0":0,"1":0,"2":0},"b":{"0":[0,0],"1":[0,0],"2":[0,0],"3":[0,0],"4":[0,0],"5":[0,0]}}
,"C:\\Users\\upender.mohan.lal\\Downloads\\star-wars-react-redux-demo\\star-wars-react-redux-demo\\src\\containers\\StarWarsApp\\index.js": {"path":"C:\\Users\\upender.mohan.lal\\Downloads\\star-wars-react-redux-demo\\star-wars-react-redux-demo\\src\\containers\\StarWarsApp\\index.js","statementMap":{"0":{"start":{"line":1,"column":39},"end":{"line":1,"column":101}},"1":{"start":{"line":1,"column":120},"end":{"line":1,"column":257}},"2":{"start":{"line":14,"column":4},"end":{"line":14,"column":17}},"3":{"start":{"line":55,"column":6},"end":{"line":55,"column":136}},"4":{"start":{"line":55,"column":136},"end":{"line":55,"column":181}},"5":{"start":{"line":55,"column":203},"end":{"line":55,"column":255}},"6":{"start":{"line":55,"column":270},"end":{"line":55,"column":298}},"7":{"start":{"line":58,"column":4},"end":{"line":60,"column":5}},"8":{"start":{"line":59,"column":6},"end":{"line":59,"column":34}},"9":{"start":{"line":61,"column":4},"end":{"line":63,"column":5}},"10":{"start":{"line":62,"column":6},"end":{"line":62,"column":60}},"11":{"start":{"line":67,"column":4},"end":{"line":67,"column":41}},"12":{"start":{"line":73,"column":4},"end":{"line":73,"column":14}},"13":{"start":{"line":75,"column":24},"end":{"line":76,"column":40}},"14":{"start":{"line":78,"column":4},"end":{"line":107,"column":126}},"15":{"start":{"line":104,"column":186},"end":{"line":104,"column":212}},"16":{"start":{"line":115,"column":24},"end":{"line":121,"column":1}},"17":{"start":{"line":116,"column":2},"end":{"line":119,"column":12}},"18":{"start":{"line":123,"column":27},"end":{"line":130,"column":1}},"19":{"start":{"line":124,"column":2},"end":{"line":128,"column":190}},"20":{"start":{"line":125,"column":27},"end":{"line":125,"column":156}},"21":{"start":{"line":126,"column":28},"end":{"line":126,"column":165}},"22":{"start":{"line":127,"column":30},"end":{"line":127,"column":167}},"23":{"start":{"line":128,"column":44},"end":{"line":128,"column":187}}},"fnMap":{"0":{"name":"(anonymous_0)","decl":{"start":{"line":13,"column":2},"end":{"line":13,"column":3}},"loc":{"start":{"line":13,"column":21},"end":{"line":55,"column":182}},"line":13},"1":{"name":"(anonymous_1)","decl":{"start":{"line":55,"column":182},"end":{"line":55,"column":183}},"loc":{"start":{"line":55,"column":202},"end":{"line":55,"column":256}},"line":55},"2":{"name":"(anonymous_2)","decl":{"start":{"line":55,"column":256},"end":{"line":55,"column":257}},"loc":{"start":{"line":55,"column":269},"end":{"line":55,"column":299}},"line":55},"3":{"name":"(anonymous_3)","decl":{"start":{"line":57,"column":2},"end":{"line":57,"column":3}},"loc":{"start":{"line":57,"column":38},"end":{"line":64,"column":3}},"line":57},"4":{"name":"(anonymous_4)","decl":{"start":{"line":66,"column":2},"end":{"line":66,"column":3}},"loc":{"start":{"line":66,"column":11},"end":{"line":112,"column":3}},"line":66},"5":{"name":"(anonymous_5)","decl":{"start":{"line":104,"column":179},"end":{"line":104,"column":180}},"loc":{"start":{"line":104,"column":186},"end":{"line":104,"column":212}},"line":104},"6":{"name":"(anonymous_6)","decl":{"start":{"line":115,"column":24},"end":{"line":115,"column":25}},"loc":{"start":{"line":115,"column":56},"end":{"line":121,"column":1}},"line":115},"7":{"name":"(anonymous_7)","decl":{"start":{"line":123,"column":27},"end":{"line":123,"column":28}},"loc":{"start":{"line":123,"column":39},"end":{"line":130,"column":1}},"line":123},"8":{"name":"(anonymous_8)","decl":{"start":{"line":125,"column":19},"end":{"line":125,"column":20}},"loc":{"start":{"line":125,"column":27},"end":{"line":125,"column":156}},"line":125},"9":{"name":"(anonymous_9)","decl":{"start":{"line":126,"column":22},"end":{"line":126,"column":23}},"loc":{"start":{"line":126,"column":28},"end":{"line":126,"column":165}},"line":126},"10":{"name":"(anonymous_10)","decl":{"start":{"line":127,"column":24},"end":{"line":127,"column":25}},"loc":{"start":{"line":127,"column":30},"end":{"line":127,"column":167}},"line":127},"11":{"name":"(anonymous_11)","decl":{"start":{"line":128,"column":20},"end":{"line":128,"column":21}},"loc":{"start":{"line":128,"column":44},"end":{"line":128,"column":187}},"line":128}},"branchMap":{"0":{"loc":{"start":{"line":58,"column":4},"end":{"line":60,"column":5}},"type":"if","locations":[{"start":{"line":58,"column":4},"end":{"line":60,"column":5}},{"start":{"line":58,"column":4},"end":{"line":60,"column":5}}],"line":58},"1":{"loc":{"start":{"line":61,"column":4},"end":{"line":63,"column":5}},"type":"if","locations":[{"start":{"line":61,"column":4},"end":{"line":63,"column":5}},{"start":{"line":61,"column":4},"end":{"line":63,"column":5}}],"line":61},"2":{"loc":{"start":{"line":75,"column":24},"end":{"line":76,"column":40}},"type":"cond-expr","locations":[{"start":{"line":75,"column":67},"end":{"line":75,"column":71}},{"start":{"line":76,"column":4},"end":{"line":76,"column":40}}],"line":75},"3":{"loc":{"start":{"line":76,"column":4},"end":{"line":76,"column":40}},"type":"cond-expr","locations":[{"start":{"line":76,"column":28},"end":{"line":76,"column":33}},{"start":{"line":76,"column":36},"end":{"line":76,"column":40}}],"line":76},"4":{"loc":{"start":{"line":80,"column":8},"end":{"line":85,"column":114}},"type":"binary-expr","locations":[{"start":{"line":80,"column":8},"end":{"line":80,"column":28}}],"line":80},"5":{"loc":{"start":{"line":88,"column":8},"end":{"line":101,"column":265}},"type":"binary-expr","locations":[{"start":{"line":88,"column":8},"end":{"line":88,"column":29}}],"line":88},"7":{"loc":{"start":{"line":105,"column":10},"end":{"line":107,"column":122}},"type":"binary-expr","locations":[{"start":{"line":105,"column":10},"end":{"line":105,"column":16}}],"line":105}},"s":{"0":0,"1":0,"2":0,"3":0,"4":0,"5":0,"6":0,"7":0,"8":0,"9":0,"10":0,"11":0,"12":0,"13":0,"14":0,"15":0,"16":0,"17":0,"18":0,"19":0,"20":0,"21":0,"22":0,"23":0},"f":{"0":0,"1":0,"2":0,"3":0,"4":0,"5":0,"6":0,"7":0,"8":0,"9":0,"10":0,"11":0},"b":{"0":[0,0],"1":[0,0],"2":[0,0],"3":[0,0],"4":[0],"5":[0],"7":[0]}}
,"C:\\Users\\upender.mohan.lal\\Downloads\\star-wars-react-redux-demo\\star-wars-react-redux-demo\\src\\reducers\\index.js": {"path":"C:\\Users\\upender.mohan.lal\\Downloads\\star-wars-react-redux-demo\\star-wars-react-redux-demo\\src\\reducers\\index.js","statementMap":{"0":{"start":{"line":1,"column":39},"end":{"line":1,"column":101}}},"fnMap":{},"branchMap":{},"s":{"0":0},"f":{},"b":{}}
,"C:\\Users\\upender.mohan.lal\\Downloads\\star-wars-react-redux-demo\\star-wars-react-redux-demo\\src\\reducers\\login.js": {"path":"C:\\Users\\upender.mohan.lal\\Downloads\\star-wars-react-redux-demo\\star-wars-react-redux-demo\\src\\reducers\\login.js","statementMap":{"0":{"start":{"line":1,"column":39},"end":{"line":1,"column":101}},"1":{"start":{"line":1,"column":141},"end":{"line":24,"column":1}},"2":{"start":{"line":2,"column":2},"end":{"line":22,"column":20}},"3":{"start":{"line":5,"column":8},"end":{"line":6,"column":33}},"4":{"start":{"line":7,"column":8},"end":{"line":8,"column":32}},"5":{"start":{"line":12,"column":8},"end":{"line":13,"column":33}},"6":{"start":{"line":17,"column":8},"end":{"line":18,"column":30}},"7":{"start":{"line":22,"column":6},"end":{"line":22,"column":19}}},"fnMap":{"0":{"name":"(anonymous_0)","decl":{"start":{"line":1,"column":157},"end":{"line":1,"column":158}},"loc":{"start":{"line":1,"column":183},"end":{"line":24,"column":1}},"line":1}},"branchMap":{"0":{"loc":{"start":{"line":1,"column":158},"end":{"line":1,"column":170}},"type":"default-arg","locations":[{"start":{"line":1,"column":166},"end":{"line":1,"column":170}}],"line":1},"1":{"loc":{"start":{"line":2,"column":2},"end":{"line":22,"column":20}},"type":"switch","locations":[{"start":{"line":4,"column":4},"end":{"line":9,"column":7}},{"start":{"line":11,"column":4},"end":{"line":14,"column":7}},{"start":{"line":16,"column":4},"end":{"line":19,"column":7}},{"start":{"line":21,"column":4},"end":{"line":22,"column":19}}],"line":2}},"s":{"0":0,"1":0,"2":0,"3":0,"4":0,"5":0,"6":0,"7":0},"f":{"0":0},"b":{"0":[0],"1":[0,0,0,0]}}
,"C:\\Users\\upender.mohan.lal\\Downloads\\star-wars-react-redux-demo\\star-wars-react-redux-demo\\src\\reducers\\planet.js": {"path":"C:\\Users\\upender.mohan.lal\\Downloads\\star-wars-react-redux-demo\\star-wars-react-redux-demo\\src\\reducers\\planet.js","statementMap":{"0":{"start":{"line":1,"column":39},"end":{"line":1,"column":101}},"1":{"start":{"line":1,"column":142},"end":{"line":16,"column":1}},"2":{"start":{"line":2,"column":2},"end":{"line":14,"column":20}},"3":{"start":{"line":5,"column":8},"end":{"line":5,"column":49}},"4":{"start":{"line":10,"column":8},"end":{"line":10,"column":20}},"5":{"start":{"line":14,"column":6},"end":{"line":14,"column":19}}},"fnMap":{"0":{"name":"(anonymous_0)","decl":{"start":{"line":1,"column":159},"end":{"line":1,"column":160}},"loc":{"start":{"line":1,"column":185},"end":{"line":16,"column":1}},"line":1}},"branchMap":{"0":{"loc":{"start":{"line":1,"column":160},"end":{"line":1,"column":172}},"type":"default-arg","locations":[{"start":{"line":1,"column":168},"end":{"line":1,"column":172}}],"line":1},"1":{"loc":{"start":{"line":2,"column":2},"end":{"line":14,"column":20}},"type":"switch","locations":[{"start":{"line":4,"column":4},"end":{"line":6,"column":7}},{"start":{"line":8,"column":4},"end":{"line":8,"column":25}},{"start":{"line":9,"column":4},"end":{"line":11,"column":7}},{"start":{"line":13,"column":4},"end":{"line":14,"column":19}}],"line":2}},"s":{"0":0,"1":0,"2":0,"3":0,"4":0,"5":0},"f":{"0":0},"b":{"0":[0],"1":[0,0,0,0]}}
,"C:\\Users\\upender.mohan.lal\\Downloads\\star-wars-react-redux-demo\\star-wars-react-redux-demo\\src\\reducers\\results.js": {"path":"C:\\Users\\upender.mohan.lal\\Downloads\\star-wars-react-redux-demo\\star-wars-react-redux-demo\\src\\reducers\\results.js","statementMap":{"0":{"start":{"line":1,"column":39},"end":{"line":1,"column":101}},"1":{"start":{"line":1,"column":143},"end":{"line":15,"column":1}},"2":{"start":{"line":2,"column":2},"end":{"line":13,"column":20}},"3":{"start":{"line":5,"column":8},"end":{"line":5,"column":51}},"4":{"start":{"line":9,"column":8},"end":{"line":9,"column":18}},"5":{"start":{"line":13,"column":6},"end":{"line":13,"column":19}}},"fnMap":{"0":{"name":"(anonymous_0)","decl":{"start":{"line":1,"column":161},"end":{"line":1,"column":162}},"loc":{"start":{"line":1,"column":185},"end":{"line":15,"column":1}},"line":1}},"branchMap":{"0":{"loc":{"start":{"line":1,"column":162},"end":{"line":1,"column":172}},"type":"default-arg","locations":[{"start":{"line":1,"column":170},"end":{"line":1,"column":172}}],"line":1},"1":{"loc":{"start":{"line":2,"column":2},"end":{"line":13,"column":20}},"type":"switch","locations":[{"start":{"line":4,"column":4},"end":{"line":6,"column":7}},{"start":{"line":8,"column":4},"end":{"line":10,"column":7}},{"start":{"line":12,"column":4},"end":{"line":13,"column":19}}],"line":2}},"s":{"0":0,"1":0,"2":0,"3":0,"4":0,"5":0},"f":{"0":0},"b":{"0":[0],"1":[0,0,0]}}
,"C:\\Users\\upender.mohan.lal\\Downloads\\star-wars-react-redux-demo\\star-wars-react-redux-demo\\src\\services\\starwars.js": {"path":"C:\\Users\\upender.mohan.lal\\Downloads\\star-wars-react-redux-demo\\star-wars-react-redux-demo\\src\\services\\starwars.js","statementMap":{"0":{"start":{"line":1,"column":39},"end":{"line":1,"column":101}},"1":{"start":{"line":1,"column":142},"end":{"line":4,"column":1}},"2":{"start":{"line":2,"column":2},"end":{"line":3,"column":26}},"3":{"start":{"line":3,"column":14},"end":{"line":3,"column":24}},"4":{"start":{"line":6,"column":45},"end":{"line":9,"column":1}},"5":{"start":{"line":7,"column":2},"end":{"line":8,"column":26}},"6":{"start":{"line":8,"column":14},"end":{"line":8,"column":24}},"7":{"start":{"line":11,"column":40},"end":{"line":15,"column":1}},"8":{"start":{"line":12,"column":2},"end":{"line":12,"column":45}},"9":{"start":{"line":13,"column":2},"end":{"line":14,"column":26}},"10":{"start":{"line":14,"column":14},"end":{"line":14,"column":24}}},"fnMap":{"0":{"name":"(anonymous_0)","decl":{"start":{"line":1,"column":159},"end":{"line":1,"column":160}},"loc":{"start":{"line":1,"column":168},"end":{"line":4,"column":1}},"line":1},"1":{"name":"(anonymous_1)","decl":{"start":{"line":3,"column":7},"end":{"line":3,"column":8}},"loc":{"start":{"line":3,"column":14},"end":{"line":3,"column":24}},"line":3},"2":{"name":"(anonymous_2)","decl":{"start":{"line":6,"column":66},"end":{"line":6,"column":67}},"loc":{"start":{"line":6,"column":72},"end":{"line":9,"column":1}},"line":6},"3":{"name":"(anonymous_3)","decl":{"start":{"line":8,"column":7},"end":{"line":8,"column":8}},"loc":{"start":{"line":8,"column":14},"end":{"line":8,"column":24}},"line":8},"4":{"name":"(anonymous_4)","decl":{"start":{"line":11,"column":56},"end":{"line":11,"column":57}},"loc":{"start":{"line":11,"column":65},"end":{"line":15,"column":1}},"line":11},"5":{"name":"(anonymous_5)","decl":{"start":{"line":14,"column":7},"end":{"line":14,"column":8}},"loc":{"start":{"line":14,"column":14},"end":{"line":14,"column":24}},"line":14}},"branchMap":{},"s":{"0":0,"1":0,"2":0,"3":0,"4":0,"5":0,"6":0,"7":0,"8":0,"9":0,"10":0},"f":{"0":0,"1":0,"2":0,"3":0,"4":0,"5":0},"b":{}}
,"C:\\Users\\upender.mohan.lal\\Downloads\\star-wars-react-redux-demo\\star-wars-react-redux-demo\\src\\stores\\index.js": {"path":"C:\\Users\\upender.mohan.lal\\Downloads\\star-wars-react-redux-demo\\star-wars-react-redux-demo\\src\\stores\\index.js","statementMap":{"0":{"start":{"line":1,"column":39},"end":{"line":1,"column":101}},"1":{"start":{"line":5,"column":181},"end":{"line":5,"column":235}},"2":{"start":{"line":5,"column":236},"end":{"line":9,"column":260}}},"fnMap":{"0":{"name":"_interopRequireDefault","decl":{"start":{"line":5,"column":152},"end":{"line":5,"column":174}},"loc":{"start":{"line":5,"column":180},"end":{"line":5,"column":236}},"line":5}},"branchMap":{"0":{"loc":{"start":{"line":5,"column":188},"end":{"line":5,"column":234}},"type":"cond-expr","locations":[{"start":{"line":5,"column":212},"end":{"line":5,"column":215}},{"start":{"line":5,"column":218},"end":{"line":5,"column":234}}],"line":5},"1":{"loc":{"start":{"line":5,"column":188},"end":{"line":5,"column":209}},"type":"binary-expr","locations":[{"start":{"line":5,"column":188},"end":{"line":5,"column":191}},{"start":{"line":5,"column":195},"end":{"line":5,"column":209}}],"line":5}},"s":{"0":0,"1":0,"2":0},"f":{"0":0},"b":{"0":[0,0],"1":[0,0]}}
}
